<?xml version="1.0" encoding="UTF-8"?>
<<<<<<< HEAD
<testsuite name="com.intexsoft.devi.unit.GroupServiceTest" tests="9" skipped="0" failures="0" errors="0" timestamp="2019-01-20T15:07:52" hostname="DESKTOP-VULFVHS" time="0.06">
  <properties/>
  <testcase name="updateById_NotFoundId" classname="com.intexsoft.devi.unit.GroupServiceTest" time="0.03"/>
  <testcase name="getAll" classname="com.intexsoft.devi.unit.GroupServiceTest" time="0.001"/>
  <testcase name="getByNumber" classname="com.intexsoft.devi.unit.GroupServiceTest" time="0.001"/>
  <testcase name="getGroupsOfTeacherById" classname="com.intexsoft.devi.unit.GroupServiceTest" time="0.001"/>
  <testcase name="updateById" classname="com.intexsoft.devi.unit.GroupServiceTest" time="0.003"/>
  <testcase name="getById" classname="com.intexsoft.devi.unit.GroupServiceTest" time="0.001"/>
  <testcase name="save" classname="com.intexsoft.devi.unit.GroupServiceTest" time="0.0"/>
  <testcase name="getAll_NotFoundGroups" classname="com.intexsoft.devi.unit.GroupServiceTest" time="0.001"/>
  <testcase name="getById_NotFoundGroup" classname="com.intexsoft.devi.unit.GroupServiceTest" time="0.01"/>
=======
<testsuite name="com.intexsoft.devi.unit.GroupServiceTest" tests="9" skipped="0" failures="0" errors="0" timestamp="2019-01-20T14:10:07" hostname="DESKTOP-VULFVHS" time="0.086">
  <properties/>
  <testcase name="updateById_NotFoundId" classname="com.intexsoft.devi.unit.GroupServiceTest" time="0.026"/>
  <testcase name="getAll" classname="com.intexsoft.devi.unit.GroupServiceTest" time="0.001"/>
  <testcase name="getByNumber" classname="com.intexsoft.devi.unit.GroupServiceTest" time="0.001"/>
  <testcase name="getGroupsOfTeacherById" classname="com.intexsoft.devi.unit.GroupServiceTest" time="0.001"/>
  <testcase name="updateById" classname="com.intexsoft.devi.unit.GroupServiceTest" time="0.028"/>
  <testcase name="getById" classname="com.intexsoft.devi.unit.GroupServiceTest" time="0.001"/>
  <testcase name="save" classname="com.intexsoft.devi.unit.GroupServiceTest" time="0.001"/>
  <testcase name="getAll_NotFoundGroups" classname="com.intexsoft.devi.unit.GroupServiceTest" time="0.001"/>
  <testcase name="getById_NotFoundGroup" classname="com.intexsoft.devi.unit.GroupServiceTest" time="0.001"/>
>>>>>>> feature/parser-csv-files
  <system-out><![CDATA[]]></system-out>
  <system-err><![CDATA[]]></system-err>
</testsuite>
