<?xml version="1.0" encoding="UTF-8"?>
<testsuite name="com.intexsoft.devi.integration.StudentControllerIntegrationTest" tests="6" skipped="0" failures="0" errors="0" timestamp="2019-01-20T14:10:04" hostname="DESKTOP-VULFVHS" time="1.844">
  <properties/>
  <testcase name="addStudentToGroup_Failed" classname="com.intexsoft.devi.integration.StudentControllerIntegrationTest" time="1.146"/>
  <testcase name="getAll" classname="com.intexsoft.devi.integration.StudentControllerIntegrationTest" time="0.158"/>
  <testcase name="remove" classname="com.intexsoft.devi.integration.StudentControllerIntegrationTest" time="0.057"/>
  <testcase name="update" classname="com.intexsoft.devi.integration.StudentControllerIntegrationTest" time="0.142"/>
  <testcase name="getById" classname="com.intexsoft.devi.integration.StudentControllerIntegrationTest" time="0.235"/>
  <testcase name="save" classname="com.intexsoft.devi.integration.StudentControllerIntegrationTest" time="0.1"/>
  <system-out><![CDATA[Hibernate: select student0_.StudentId as StudentI1_2_, student0_.FirstName as FirstNam2_2_, student0_.GroupId as GroupId4_2_, student0_.LastName as LastName3_2_ from Student student0_ where student0_.FirstName=? and student0_.LastName=?
Hibernate: select group0_.GroupId as GroupId1_0_, group0_.Number as Number2_0_, group0_.TeacherId as TeacherI3_0_ from GroupOfUniversity group0_ where group0_.Number=?
Hibernate: select teacher0_.TeacherId as TeacherI1_3_0_, teacher0_.FirstName as FirstNam2_3_0_, teacher0_.LastName as LastName3_3_0_, group1_.GroupId as GroupId1_0_1_, group1_.Number as Number2_0_1_, group1_.TeacherId as TeacherI3_0_1_ from Teacher teacher0_ left outer join GroupOfUniversity group1_ on teacher0_.TeacherId=group1_.TeacherId where teacher0_.TeacherId=?
Hibernate: select group0_.GroupId as GroupId1_0_1_, group0_.Number as Number2_0_1_, group0_.TeacherId as TeacherI3_0_1_, teacher1_.TeacherId as TeacherI1_3_0_, teacher1_.FirstName as FirstNam2_3_0_, teacher1_.LastName as LastName3_3_0_ from GroupOfUniversity group0_ left outer join Teacher teacher1_ on group0_.TeacherId=teacher1_.TeacherId where group0_.TeacherId=?
Hibernate: select student0_.StudentId as StudentI1_2_, student0_.FirstName as FirstNam2_2_, student0_.GroupId as GroupId4_2_, student0_.LastName as LastName3_2_ from Student student0_ where student0_.FirstName=? and student0_.LastName=?
Hibernate: select group0_.GroupId as GroupId1_0_, group0_.Number as Number2_0_, group0_.TeacherId as TeacherI3_0_ from GroupOfUniversity group0_ where group0_.Number=?
Hibernate: select teacher0_.TeacherId as TeacherI1_3_0_, teacher0_.FirstName as FirstNam2_3_0_, teacher0_.LastName as LastName3_3_0_, group1_.GroupId as GroupId1_0_1_, group1_.Number as Number2_0_1_, group1_.TeacherId as TeacherI3_0_1_ from Teacher teacher0_ left outer join GroupOfUniversity group1_ on teacher0_.TeacherId=group1_.TeacherId where teacher0_.TeacherId=?
Hibernate: select group0_.GroupId as GroupId1_0_1_, group0_.Number as Number2_0_1_, group0_.TeacherId as TeacherI3_0_1_, teacher1_.TeacherId as TeacherI1_3_0_, teacher1_.FirstName as FirstNam2_3_0_, teacher1_.LastName as LastName3_3_0_ from GroupOfUniversity group0_ left outer join Teacher teacher1_ on group0_.TeacherId=teacher1_.TeacherId where group0_.TeacherId=?
Hibernate: select student0_.StudentId as StudentI1_2_, student0_.FirstName as FirstNam2_2_, student0_.GroupId as GroupId4_2_, student0_.LastName as LastName3_2_ from Student student0_ where student0_.FirstName=? and student0_.LastName=?
Hibernate: select group0_.GroupId as GroupId1_0_, group0_.Number as Number2_0_, group0_.TeacherId as TeacherI3_0_ from GroupOfUniversity group0_ where group0_.Number=?
Hibernate: select teacher0_.TeacherId as TeacherI1_3_0_, teacher0_.FirstName as FirstNam2_3_0_, teacher0_.LastName as LastName3_3_0_, group1_.GroupId as GroupId1_0_1_, group1_.Number as Number2_0_1_, group1_.TeacherId as TeacherI3_0_1_ from Teacher teacher0_ left outer join GroupOfUniversity group1_ on teacher0_.TeacherId=group1_.TeacherId where teacher0_.TeacherId=?
Hibernate: select group0_.GroupId as GroupId1_0_1_, group0_.Number as Number2_0_1_, group0_.TeacherId as TeacherI3_0_1_, teacher1_.TeacherId as TeacherI1_3_0_, teacher1_.FirstName as FirstNam2_3_0_, teacher1_.LastName as LastName3_3_0_ from GroupOfUniversity group0_ left outer join Teacher teacher1_ on group0_.TeacherId=teacher1_.TeacherId where group0_.TeacherId=?
Hibernate: insert into Student (StudentId, FirstName, GroupId, LastName) values (null, ?, ?, ?)
Hibernate: insert into Student (StudentId, FirstName, GroupId, LastName) values (null, ?, ?, ?)
Hibernate: insert into Student (StudentId, FirstName, GroupId, LastName) values (null, ?, ?, ?)
Hibernate: select student0_.StudentId as StudentI1_2_, student0_.FirstName as FirstNam2_2_, student0_.GroupId as GroupId4_2_, student0_.LastName as LastName3_2_ from Student student0_
Hibernate: select group0_.GroupId as GroupId1_0_0_, group0_.Number as Number2_0_0_, group0_.TeacherId as TeacherI3_0_0_, teacher1_.TeacherId as TeacherI1_3_1_, teacher1_.FirstName as FirstNam2_3_1_, teacher1_.LastName as LastName3_3_1_ from GroupOfUniversity group0_ left outer join Teacher teacher1_ on group0_.TeacherId=teacher1_.TeacherId where group0_.GroupId=?
Hibernate: select group0_.GroupId as GroupId1_0_0_, group0_.Number as Number2_0_0_, group0_.TeacherId as TeacherI3_0_0_, teacher1_.TeacherId as TeacherI1_3_1_, teacher1_.FirstName as FirstNam2_3_1_, teacher1_.LastName as LastName3_3_1_ from GroupOfUniversity group0_ left outer join Teacher teacher1_ on group0_.TeacherId=teacher1_.TeacherId where group0_.GroupId=?
Hibernate: select group0_.GroupId as GroupId1_0_0_, group0_.Number as Number2_0_0_, group0_.TeacherId as TeacherI3_0_0_, teacher1_.TeacherId as TeacherI1_3_1_, teacher1_.FirstName as FirstNam2_3_1_, teacher1_.LastName as LastName3_3_1_ from GroupOfUniversity group0_ left outer join Teacher teacher1_ on group0_.TeacherId=teacher1_.TeacherId where group0_.GroupId=?
Hibernate: select student0_.StudentId as StudentI1_2_0_, student0_.FirstName as FirstNam2_2_0_, student0_.GroupId as GroupId4_2_0_, student0_.LastName as LastName3_2_0_, group1_.GroupId as GroupId1_0_1_, group1_.Number as Number2_0_1_, group1_.TeacherId as TeacherI3_0_1_, teacher2_.TeacherId as TeacherI1_3_2_, teacher2_.FirstName as FirstNam2_3_2_, teacher2_.LastName as LastName3_3_2_ from Student student0_ left outer join GroupOfUniversity group1_ on student0_.GroupId=group1_.GroupId left outer join Teacher teacher2_ on group1_.TeacherId=teacher2_.TeacherId where student0_.StudentId=?
Hibernate: delete from Student where StudentId=?
Hibernate: select student0_.StudentId as StudentI1_2_0_, student0_.FirstName as FirstNam2_2_0_, student0_.GroupId as GroupId4_2_0_, student0_.LastName as LastName3_2_0_, group1_.GroupId as GroupId1_0_1_, group1_.Number as Number2_0_1_, group1_.TeacherId as TeacherI3_0_1_, teacher2_.TeacherId as TeacherI1_3_2_, teacher2_.FirstName as FirstNam2_3_2_, teacher2_.LastName as LastName3_3_2_ from Student student0_ left outer join GroupOfUniversity group1_ on student0_.GroupId=group1_.GroupId left outer join Teacher teacher2_ on group1_.TeacherId=teacher2_.TeacherId where student0_.StudentId=?
Hibernate: update Student set FirstName=?, GroupId=?, LastName=? where StudentId=?
Hibernate: select student0_.StudentId as StudentI1_2_0_, student0_.FirstName as FirstNam2_2_0_, student0_.GroupId as GroupId4_2_0_, student0_.LastName as LastName3_2_0_, group1_.GroupId as GroupId1_0_1_, group1_.Number as Number2_0_1_, group1_.TeacherId as TeacherI3_0_1_, teacher2_.TeacherId as TeacherI1_3_2_, teacher2_.FirstName as FirstNam2_3_2_, teacher2_.LastName as LastName3_3_2_ from Student student0_ left outer join GroupOfUniversity group1_ on student0_.GroupId=group1_.GroupId left outer join Teacher teacher2_ on group1_.TeacherId=teacher2_.TeacherId where student0_.StudentId=?
Hibernate: select group0_.GroupId as GroupId1_0_0_, group0_.Number as Number2_0_0_, group0_.TeacherId as TeacherI3_0_0_, teacher1_.TeacherId as TeacherI1_3_1_, teacher1_.FirstName as FirstNam2_3_1_, teacher1_.LastName as LastName3_3_1_ from GroupOfUniversity group0_ left outer join Teacher teacher1_ on group0_.TeacherId=teacher1_.TeacherId where group0_.GroupId=?
Hibernate: insert into Student (StudentId, FirstName, GroupId, LastName) values (null, ?, ?, ?)
]]></system-out>
  <system-err><![CDATA[]]></system-err>
</testsuite>
